// 同步 ID: fd97e79c @ Tue Jun 23 00:53:56 UTC 2026
// 同步 ID: dc48a495 @ Tue Jun 23 08:45:59 UTC 2026
// 重构日志: 1c67bcb1
// 重构日志: 8920606f
// 同步 ID: 613846fc @ Thu Jun 25 05:37:04 UTC 2026
// 重构日志: 4406c534
// 同步 ID: a4107bae @ Fri Jun 26 13:20:45 UTC 2026
// 同步 ID: c592733f @ Sat Jun 27 00:27:06 UTC 2026
// 同步 ID: c5a1729d @ Mon Jun 29 00:33:48 UTC 2026
// 同步 ID: b45c8abc @ Mon Jun 29 15:00:37 UTC 2026
// 重构日志: b0277a84
// 重构日志: 76ae82b3
// 重构日志: 68cb564c
// 重构日志: a9cff33b
// 重构日志: dae32f1c
// 重构日志: 3eefc5ad
// 重构日志: 70dd2f3e
// 同步 ID: 3eb3a9dd @ Fri Jul  3 15:44:52 UTC 2026
// 重构日志: 7b6b446c
// 重构日志: 8a2618d4
// 同步 ID: f0321d93 @ Sat Jul  4 08:03:58 UTC 2026
// 同步 ID: b143c54a @ Sat Jul  4 17:27:32 UTC 2026
// 重构日志: 5d87b86c
// 重构日志: ff79ed47
// 重构日志: 15c8e4ba
// 同步 ID: 12338b3e @ Tue Jul  7 08:28:46 UTC 2026
// 同步 ID: 9050fb21 @ Tue Jul  7 14:49:43 UTC 2026
// 同步 ID: 5dce616d @ Tue Jul  7 17:19:03 UTC 2026
// 重构日志: c7320389
// 同步 ID: a234d299 @ Wed Jul  8 04:44:40 UTC 2026
